<?xml version="1.0" encoding="UTF-8"?>
<!-- Generated by org.testng.reporters.JUnitXMLReporter -->
<testsuite hostname="sylviadeMBP" ignored="1" name="/Users/sylvia/Desktop/Workspace/IDEA/eazytest" tests="1" failures="0" timestamp="2020-04-02T19:12:33 CST" time="0.035" errors="0">
  <testcase name="isParanmeter" time="0.003" classname="com.heliqin.ciautotest.Case.TestCase"/>
  <testcase name="isOK" time="0.0" classname="com.heliqin.ciautotest.Case.TestCase">
    <ignored/>
  </testcase> <!-- isOK -->
</testsuite> <!-- /Users/sylvia/Desktop/Workspace/IDEA/eazytest -->
