<?xml version="1.0" encoding="UTF-8"?>
<testng-results skipped="0" failed="0" ignored="1" total="2" passed="1">
  <reporter-output>
  </reporter-output>
  <suite name="ALlsuite" duration-ms="35" started-at="2020-04-02T19:12:33 CST" finished-at="2020-04-02T19:12:33 CST">
    <groups>
    </groups>
    <test name="/Users/sylvia/Desktop/Workspace/IDEA/eazytest" duration-ms="35" started-at="2020-04-02T19:12:33 CST" finished-at="2020-04-02T19:12:33 CST">
      <class name="com.heliqin.ciautotest.Case.TestCase">
        <test-method status="PASS" signature="beforeClass()[pri:0, instance:com.heliqin.ciautotest.Case.TestCase@6574b225]" name="beforeClass" is-config="true" duration-ms="7" started-at="2020-04-02T19:12:33 CST" finished-at="2020-04-02T19:12:33 CST">
          <reporter-output>
          </reporter-output>
        </test-method> <!-- beforeClass -->
        <test-method status="PASS" signature="isParanmeter(java.lang.String)[pri:0, instance:com.heliqin.ciautotest.Case.TestCase@6574b225]" name="isParanmeter" duration-ms="3" started-at="2020-04-02T19:12:33 CST" finished-at="2020-04-02T19:12:33 CST">
          <params>
            <param index="0">
              <value>
                <![CDATA[testEnv]]>
              </value>
            </param>
          </params>
          <reporter-output>
          </reporter-output>
        </test-method> <!-- isParanmeter -->
      </class> <!-- com.heliqin.ciautotest.Case.TestCase -->
    </test> <!-- /Users/sylvia/Desktop/Workspace/IDEA/eazytest -->
  </suite> <!-- ALlsuite -->
</testng-results>
